
Showing logs for build [32mjatikumaworks-environment-gke-c-m9s7n-1[0m stage [32mfrom-build-pack[0m and container [32mstep-credential-initializer-p5hl2[0m
{"level":"warn","ts":1585873242.1464293,"logger":"fallback-logger","caller":"logging/config.go:69","msg":"Fetch GitHub commit ID from kodata failed: \"ref: refs/heads/0.8.0-**-support-backwards-incompats\" is not a valid GitHub commit ID"}
{"level":"info","ts":1585873242.1470182,"logger":"fallback-logger","caller":"creds-init/main.go:40","msg":"Credentials initialized."}

Showing logs for build [32mjatikumaworks-environment-gke-c-m9s7n-1[0m stage [32mfrom-build-pack[0m and container [32mstep-working-dir-initializer-gxpls[0m
{"level":"warn","ts":1585873244.002617,"logger":"fallback-logger","caller":"logging/config.go:69","msg":"Fetch GitHub commit ID from kodata failed: open /var/run/ko/HEAD: no such file or directory"}
{"level":"info","ts":1585873244.0194693,"logger":"fallback-logger","caller":"bash/main.go:64","msg":"Successfully executed command \"sh -c mkdir -p /workspace/source\"; output "}

Showing logs for build [32mjatikumaworks-environment-gke-c-m9s7n-1[0m stage [32mfrom-build-pack[0m and container [32mstep-place-tools[0m

Showing logs for build [32mjatikumaworks-environment-gke-c-m9s7n-1[0m stage [32mfrom-build-pack[0m and container [32mstep-git-source-jatikumaworks-environment-gke-c-m9s7n-9nkv7[0m
{"level":"warn","ts":1585873250.4126282,"logger":"fallback-logger","caller":"logging/config.go:69","msg":"Fetch GitHub commit ID from kodata failed: \"ref: refs/heads/0.8.0-**-support-backwards-incompats\" is not a valid GitHub commit ID"}
{"level":"info","ts":1585873250.8613422,"logger":"fallback-logger","caller":"git/git.go:103","msg":"Successfully cloned https://github.com/jatikumaworks/environment-gke-c07-staging.git @ master in path /workspace/source"}

Showing logs for build [32mjatikumaworks-environment-gke-c-m9s7n-1[0m stage [32mfrom-build-pack[0m and container [32mstep-git-merge[0m
Using SHAs from PULL_REFS=master:e73fc3ddff850352698ecc45bd8ae7df127169d0,1:5d555a96e8f4e8d4c28a140c227fef9c9ee28df7
DEBUG: LC_ALL=C JX_LOG_LEVEL=error git fetch origin --unshallow 5d555a96e8f4e8d4c28a140c227fef9c9ee28df7: e73fc3ddff850352698ecc45bd8ae7df127169d0:
DEBUG: ran git fetch --unshallow origin 5d555a96e8f4e8d4c28a140c227fef9c9ee28df7: e73fc3ddff850352698ecc45bd8ae7df127169d0: in 
DEBUG: LC_ALL=C JX_LOG_LEVEL=error git branch
DEBUG: LC_ALL=C JX_LOG_LEVEL=error git checkout master
DEBUG: ran git checkout master in 
DEBUG: LC_ALL=C JX_LOG_LEVEL=error git reset --hard e73fc3ddff850352698ecc45bd8ae7df127169d0
DEBUG: ran git reset --hard e73fc3ddff850352698ecc45bd8ae7df127169d0 in 
DEBUG: LC_ALL=C JX_LOG_LEVEL=error git clean -fd .
DEBUG: ran clean --force -d . in 
DEBUG: LC_ALL=C JX_LOG_LEVEL=error git merge 5d555a96e8f4e8d4c28a140c227fef9c9ee28df7
DEBUG: ran git merge 5d555a96e8f4e8d4c28a140c227fef9c9ee28df7 in 
DEBUG: LC_ALL=C JX_LOG_LEVEL=error git log --format=%H%x1f%an%x1f%ae%x1f%cn%x1f%ce%x1f%s%n%b%x1e e73fc3ddff850352698ecc45bd8ae7df127169d0..HEAD
Merged SHA 5d555a96e8f4e8d4c28a140c227fef9c9ee28df7 with commit message 'chore: Promote helo-react to version 0.0.1' into base branch master

Showing logs for build [32mjatikumaworks-environment-gke-c-m9s7n-1[0m stage [32mfrom-build-pack[0m and container [32mstep-build-helm-build[0m
WARNING: No $CHART_REPOSITORY defined so using the default value of: http://jenkins-x-chartmuseum:8080
Adding missing Helm repo: storage.googleapis.com https://storage.googleapis.com/chartmuseum.jenkins-x.io
Successfully added Helm repository storage.googleapis.com.
Adding missing Helm repo: jenkins-x-chartmuseum http://jenkins-x-chartmuseum:8080
Successfully added Helm repository jenkins-x-chartmuseum.
WARNING: No $CHART_REPOSITORY defined so using the default value of: http://jenkins-x-chartmuseum:8080
Adding missing Helm repo: chartmuseum.jenkins-x.io http://chartmuseum.jenkins-x.io
Successfully added Helm repository chartmuseum.jenkins-x.io.
